2016-11-27 20:15:18 INFO  WeiboOption:64 - Config Path:/workspace/AliExpressCrawl/configuration.properties
2016-11-27 20:15:18 INFO  Configuration:51 - load configuration from : /workspace/AliExpressCrawl/configuration.properties
2016-11-27 20:15:18 INFO  Configuration:53 - load succeed!
2016-11-27 20:15:18 INFO  WeiboOption:267 - Cookie Num:5
2016-11-27 20:15:21 WARN  HttpMethodBase:1511 - Cookie rejected: "$Version=0; WEIBOCN_FROM=deleted; $Path=/; $Domain=.weibo.cn". Illegal domain attribute ".weibo.cn". Domain of origin: "weibo.cn"
2016-11-27 20:15:21 INFO  WeiboExtrator:58 - 当前用户：热门评论风云榜,晚上好！
2016-11-27 20:15:22 WARN  HttpMethodBase:1511 - Cookie rejected: "$Version=0; WEIBOCN_FROM=deleted; $Path=/; $Domain=.weibo.cn". Illegal domain attribute ".weibo.cn". Domain of origin: "weibo.cn"
2016-11-27 20:15:22 INFO  HttpMethodDirector:817 - Redirect requested but followRedirects is disabled
2016-11-27 20:15:22 INFO  WeiboOption:146 -  发布微博成功,重定向url:http://weibo.cn/pub?rand=975022
2016-11-27 20:15:22 INFO  WeiboOption:99 - Sleep Time:58955
2016-11-27 20:16:21 WARN  HttpMethodBase:1511 - Cookie rejected: "$Version=0; WEIBOCN_FROM=deleted; $Path=/; $Domain=.weibo.cn". Illegal domain attribute ".weibo.cn". Domain of origin: "weibo.cn"
2016-11-27 20:16:21 INFO  HttpMethodDirector:817 - Redirect requested but followRedirects is disabled
2016-11-27 20:16:21 INFO  WeiboOption:146 -  发布微博成功,重定向url:http://weibo.cn/pub?rand=731744
2016-11-27 20:16:21 INFO  WeiboOption:99 - Sleep Time:22899
2016-11-27 20:16:45 WARN  HttpMethodBase:1511 - Cookie rejected: "$Version=0; WEIBOCN_FROM=deleted; $Path=/; $Domain=.weibo.cn". Illegal domain attribute ".weibo.cn". Domain of origin: "weibo.cn"
2016-11-27 20:16:45 INFO  HttpMethodDirector:817 - Redirect requested but followRedirects is disabled
2016-11-27 20:16:45 INFO  WeiboOption:146 -  发布微博成功,重定向url:http://weibo.cn/?rand=830158
2016-11-27 20:16:45 INFO  WeiboOption:99 - Sleep Time:82624
2016-11-27 20:18:08 WARN  HttpMethodBase:1511 - Cookie rejected: "$Version=0; WEIBOCN_FROM=deleted; $Path=/; $Domain=.weibo.cn". Illegal domain attribute ".weibo.cn". Domain of origin: "weibo.cn"
2016-11-27 20:18:08 INFO  HttpMethodDirector:817 - Redirect requested but followRedirects is disabled
2016-11-27 20:18:08 INFO  WeiboOption:146 -  发布微博成功,重定向url:http://weibo.cn/?rand=299916
2016-11-27 20:18:08 INFO  WeiboOption:99 - Sleep Time:86978
2016-11-27 20:19:35 WARN  HttpMethodBase:1511 - Cookie rejected: "$Version=0; WEIBOCN_FROM=deleted; $Path=/; $Domain=.weibo.cn". Illegal domain attribute ".weibo.cn". Domain of origin: "weibo.cn"
2016-11-27 20:19:35 INFO  HttpMethodDirector:817 - Redirect requested but followRedirects is disabled
2016-11-27 20:19:35 INFO  WeiboOption:146 -  发布微博成功,重定向url:http://weibo.cn/pub?rand=880964
2016-11-27 20:19:35 INFO  WeiboOption:99 - Sleep Time:20586
2016-11-27 20:19:56 WARN  HttpMethodBase:1511 - Cookie rejected: "$Version=0; WEIBOCN_FROM=deleted; $Path=/; $Domain=.weibo.cn". Illegal domain attribute ".weibo.cn". Domain of origin: "weibo.cn"
2016-11-27 20:19:56 INFO  HttpMethodDirector:817 - Redirect requested but followRedirects is disabled
2016-11-27 20:19:56 INFO  WeiboOption:146 -  发布微博成功,重定向url:http://weibo.cn/?rand=965576
2016-11-27 20:19:56 INFO  WeiboOption:99 - Sleep Time:82954
2016-11-27 20:21:20 WARN  HttpMethodBase:1511 - Cookie rejected: "$Version=0; WEIBOCN_FROM=deleted; $Path=/; $Domain=.weibo.cn". Illegal domain attribute ".weibo.cn". Domain of origin: "weibo.cn"
2016-11-27 20:21:20 INFO  HttpMethodDirector:817 - Redirect requested but followRedirects is disabled
2016-11-27 20:21:20 INFO  WeiboOption:146 -  发布微博成功,重定向url:http://weibo.cn/?rand=215030
2016-11-27 20:21:20 INFO  WeiboOption:99 - Sleep Time:20237
2016-11-27 20:21:40 WARN  HttpMethodBase:1511 - Cookie rejected: "$Version=0; WEIBOCN_FROM=deleted; $Path=/; $Domain=.weibo.cn". Illegal domain attribute ".weibo.cn". Domain of origin: "weibo.cn"
2016-11-27 20:21:40 INFO  HttpMethodDirector:817 - Redirect requested but followRedirects is disabled
2016-11-27 20:21:40 INFO  WeiboOption:146 -  发布微博成功,重定向url:http://weibo.cn/pub?rand=959641
2016-11-27 20:21:40 INFO  WeiboOption:99 - Sleep Time:106128
2016-11-27 20:23:27 WARN  HttpMethodBase:1511 - Cookie rejected: "$Version=0; WEIBOCN_FROM=deleted; $Path=/; $Domain=.weibo.cn". Illegal domain attribute ".weibo.cn". Domain of origin: "weibo.cn"
2016-11-27 20:23:27 INFO  HttpMethodDirector:817 - Redirect requested but followRedirects is disabled
2016-11-27 20:23:27 INFO  WeiboOption:146 -  发布微博成功,重定向url:http://weibo.cn/pub?rand=233743
2016-11-27 20:23:27 INFO  WeiboOption:99 - Sleep Time:11146
2016-11-27 20:23:38 WARN  HttpMethodBase:1511 - Cookie rejected: "$Version=0; WEIBOCN_FROM=deleted; $Path=/; $Domain=.weibo.cn". Illegal domain attribute ".weibo.cn". Domain of origin: "weibo.cn"
2016-11-27 20:23:38 INFO  HttpMethodDirector:817 - Redirect requested but followRedirects is disabled
2016-11-27 20:23:38 INFO  WeiboOption:146 -  发布微博成功,重定向url:http://weibo.cn/?rand=762995
2016-11-27 20:23:38 INFO  WeiboOption:99 - Sleep Time:38332
2016-11-27 20:24:17 WARN  HttpMethodBase:1511 - Cookie rejected: "$Version=0; WEIBOCN_FROM=deleted; $Path=/; $Domain=.weibo.cn". Illegal domain attribute ".weibo.cn". Domain of origin: "weibo.cn"
2016-11-27 20:24:17 INFO  HttpMethodDirector:817 - Redirect requested but followRedirects is disabled
2016-11-27 20:24:17 INFO  WeiboOption:146 -  发布微博成功,重定向url:http://weibo.cn/pub?rand=863839
2016-11-27 20:24:17 INFO  WeiboOption:99 - Sleep Time:106455
2016-11-27 20:26:04 WARN  HttpMethodBase:1511 - Cookie rejected: "$Version=0; WEIBOCN_FROM=deleted; $Path=/; $Domain=.weibo.cn". Illegal domain attribute ".weibo.cn". Domain of origin: "weibo.cn"
2016-11-27 20:26:04 INFO  HttpMethodDirector:817 - Redirect requested but followRedirects is disabled
2016-11-27 20:26:04 INFO  WeiboOption:146 -  发布微博成功,重定向url:http://weibo.cn/pub?rand=658288
2016-11-27 20:26:04 INFO  WeiboOption:99 - Sleep Time:93924
2016-11-27 20:27:38 WARN  HttpMethodBase:1511 - Cookie rejected: "$Version=0; WEIBOCN_FROM=deleted; $Path=/; $Domain=.weibo.cn". Illegal domain attribute ".weibo.cn". Domain of origin: "weibo.cn"
2016-11-27 20:27:38 INFO  HttpMethodDirector:817 - Redirect requested but followRedirects is disabled
2016-11-27 20:27:38 INFO  WeiboOption:146 -  发布微博成功,重定向url:http://weibo.cn/?rand=748934
2016-11-27 20:27:38 INFO  WeiboOption:99 - Sleep Time:84275
2016-11-27 20:29:03 WARN  HttpMethodBase:1511 - Cookie rejected: "$Version=0; WEIBOCN_FROM=deleted; $Path=/; $Domain=.weibo.cn". Illegal domain attribute ".weibo.cn". Domain of origin: "weibo.cn"
2016-11-27 20:29:03 INFO  HttpMethodDirector:817 - Redirect requested but followRedirects is disabled
2016-11-27 20:29:03 INFO  WeiboOption:146 -  发布微博成功,重定向url:http://weibo.cn/pub?rand=679746
2016-11-27 20:29:03 INFO  WeiboOption:99 - Sleep Time:53617
2016-11-27 20:29:57 WARN  HttpMethodBase:1511 - Cookie rejected: "$Version=0; WEIBOCN_FROM=deleted; $Path=/; $Domain=.weibo.cn". Illegal domain attribute ".weibo.cn". Domain of origin: "weibo.cn"
2016-11-27 20:29:57 INFO  HttpMethodDirector:817 - Redirect requested but followRedirects is disabled
2016-11-27 20:29:57 INFO  WeiboOption:146 -  发布微博成功,重定向url:http://weibo.cn/?rand=256639
2016-11-27 20:29:57 INFO  WeiboOption:99 - Sleep Time:50533
2016-11-27 20:30:48 WARN  HttpMethodBase:1511 - Cookie rejected: "$Version=0; WEIBOCN_FROM=deleted; $Path=/; $Domain=.weibo.cn". Illegal domain attribute ".weibo.cn". Domain of origin: "weibo.cn"
2016-11-27 20:30:48 INFO  HttpMethodDirector:817 - Redirect requested but followRedirects is disabled
2016-11-27 20:30:48 INFO  WeiboOption:146 -  发布微博成功,重定向url:http://weibo.cn/pub?rand=785797
2016-11-27 20:30:48 INFO  WeiboOption:99 - Sleep Time:33336
2016-11-27 20:31:22 WARN  HttpMethodBase:1511 - Cookie rejected: "$Version=0; WEIBOCN_FROM=deleted; $Path=/; $Domain=.weibo.cn". Illegal domain attribute ".weibo.cn". Domain of origin: "weibo.cn"
2016-11-27 20:31:22 INFO  HttpMethodDirector:817 - Redirect requested but followRedirects is disabled
2016-11-27 20:31:22 INFO  WeiboOption:146 -  发布微博成功,重定向url:http://weibo.cn/?rand=640809
2016-11-27 20:31:22 INFO  WeiboOption:99 - Sleep Time:70783
2016-11-27 20:32:33 WARN  HttpMethodBase:1511 - Cookie rejected: "$Version=0; WEIBOCN_FROM=deleted; $Path=/; $Domain=.weibo.cn". Illegal domain attribute ".weibo.cn". Domain of origin: "weibo.cn"
2016-11-27 20:32:33 INFO  HttpMethodDirector:817 - Redirect requested but followRedirects is disabled
2016-11-27 20:32:33 INFO  WeiboOption:146 -  发布微博成功,重定向url:http://weibo.cn/?rand=209590
2016-11-27 20:32:33 INFO  WeiboOption:99 - Sleep Time:24387
2016-11-27 20:32:59 WARN  HttpMethodBase:1511 - Cookie rejected: "$Version=0; WEIBOCN_FROM=deleted; $Path=/; $Domain=.weibo.cn". Illegal domain attribute ".weibo.cn". Domain of origin: "weibo.cn"
2016-11-27 20:32:59 INFO  HttpMethodDirector:817 - Redirect requested but followRedirects is disabled
2016-11-27 20:32:59 INFO  WeiboOption:146 -  发布微博成功,重定向url:http://weibo.cn/?rand=543023
2016-11-27 20:32:59 INFO  WeiboOption:99 - Sleep Time:40611
2016-11-27 20:33:40 WARN  HttpMethodBase:1511 - Cookie rejected: "$Version=0; WEIBOCN_FROM=deleted; $Path=/; $Domain=.weibo.cn". Illegal domain attribute ".weibo.cn". Domain of origin: "weibo.cn"
2016-11-27 20:33:40 INFO  HttpMethodDirector:817 - Redirect requested but followRedirects is disabled
2016-11-27 20:33:40 INFO  WeiboOption:146 -  发布微博成功,重定向url:http://weibo.cn/pub?rand=321898
2016-11-27 20:33:40 INFO  WeiboOption:99 - Sleep Time:22204
2016-11-27 20:34:03 WARN  HttpMethodBase:1511 - Cookie rejected: "$Version=0; WEIBOCN_FROM=deleted; $Path=/; $Domain=.weibo.cn". Illegal domain attribute ".weibo.cn". Domain of origin: "weibo.cn"
2016-11-27 20:34:03 INFO  HttpMethodDirector:817 - Redirect requested but followRedirects is disabled
2016-11-27 20:34:03 INFO  WeiboOption:146 -  发布微博成功,重定向url:http://weibo.cn/?rand=168316
2016-11-27 20:34:03 INFO  WeiboOption:99 - Sleep Time:75354
2016-11-27 20:35:19 WARN  HttpMethodBase:1511 - Cookie rejected: "$Version=0; WEIBOCN_FROM=deleted; $Path=/; $Domain=.weibo.cn". Illegal domain attribute ".weibo.cn". Domain of origin: "weibo.cn"
2016-11-27 20:35:19 INFO  HttpMethodDirector:817 - Redirect requested but followRedirects is disabled
2016-11-27 20:35:19 INFO  WeiboOption:146 -  发布微博成功,重定向url:http://weibo.cn/pub?rand=335520
2016-11-27 20:35:19 INFO  WeiboOption:99 - Sleep Time:42578
2016-11-27 20:36:02 WARN  HttpMethodBase:1511 - Cookie rejected: "$Version=0; WEIBOCN_FROM=deleted; $Path=/; $Domain=.weibo.cn". Illegal domain attribute ".weibo.cn". Domain of origin: "weibo.cn"
2016-11-27 20:36:02 INFO  HttpMethodDirector:817 - Redirect requested but followRedirects is disabled
2016-11-27 20:36:02 INFO  WeiboOption:146 -  发布微博成功,重定向url:http://weibo.cn/?rand=865853
2016-11-27 20:36:02 INFO  WeiboOption:99 - Sleep Time:49334
2016-11-27 20:36:52 WARN  HttpMethodBase:1511 - Cookie rejected: "$Version=0; WEIBOCN_FROM=deleted; $Path=/; $Domain=.weibo.cn". Illegal domain attribute ".weibo.cn". Domain of origin: "weibo.cn"
2016-11-27 20:36:52 INFO  HttpMethodDirector:817 - Redirect requested but followRedirects is disabled
2016-11-27 20:36:52 INFO  WeiboOption:146 -  发布微博成功,重定向url:http://weibo.cn/?rand=105727
2016-11-27 20:36:52 INFO  WeiboOption:99 - Sleep Time:46533
2016-11-27 20:37:39 WARN  HttpMethodBase:1511 - Cookie rejected: "$Version=0; WEIBOCN_FROM=deleted; $Path=/; $Domain=.weibo.cn". Illegal domain attribute ".weibo.cn". Domain of origin: "weibo.cn"
2016-11-27 20:37:39 INFO  HttpMethodDirector:817 - Redirect requested but followRedirects is disabled
2016-11-27 20:37:39 INFO  WeiboOption:146 -  发布微博成功,重定向url:http://weibo.cn/pub?rand=906566
2016-11-27 20:37:39 INFO  WeiboOption:99 - Sleep Time:95613
2016-11-27 20:39:15 WARN  HttpMethodBase:1511 - Cookie rejected: "$Version=0; WEIBOCN_FROM=deleted; $Path=/; $Domain=.weibo.cn". Illegal domain attribute ".weibo.cn". Domain of origin: "weibo.cn"
2016-11-27 20:39:15 INFO  HttpMethodDirector:817 - Redirect requested but followRedirects is disabled
2016-11-27 20:39:15 INFO  WeiboOption:146 -  发布微博成功,重定向url:http://weibo.cn/?rand=832784
2016-11-27 20:39:15 INFO  WeiboOption:99 - Sleep Time:46158
2016-11-27 20:40:02 WARN  HttpMethodBase:1511 - Cookie rejected: "$Version=0; WEIBOCN_FROM=deleted; $Path=/; $Domain=.weibo.cn". Illegal domain attribute ".weibo.cn". Domain of origin: "weibo.cn"
2016-11-27 20:40:02 INFO  HttpMethodDirector:817 - Redirect requested but followRedirects is disabled
2016-11-27 20:40:02 INFO  WeiboOption:146 -  发布微博成功,重定向url:http://weibo.cn/?rand=360102
2016-11-27 20:40:02 INFO  WeiboOption:99 - Sleep Time:67624
2016-11-27 20:41:10 WARN  HttpMethodBase:1511 - Cookie rejected: "$Version=0; WEIBOCN_FROM=deleted; $Path=/; $Domain=.weibo.cn". Illegal domain attribute ".weibo.cn". Domain of origin: "weibo.cn"
2016-11-27 20:41:10 INFO  HttpMethodDirector:817 - Redirect requested but followRedirects is disabled
2016-11-27 20:41:10 INFO  WeiboOption:146 -  发布微博成功,重定向url:http://weibo.cn/?rand=945162
2016-11-27 20:41:10 INFO  WeiboOption:99 - Sleep Time:87583
2016-11-27 20:42:38 WARN  HttpMethodBase:1511 - Cookie rejected: "$Version=0; WEIBOCN_FROM=deleted; $Path=/; $Domain=.weibo.cn". Illegal domain attribute ".weibo.cn". Domain of origin: "weibo.cn"
2016-11-27 20:42:38 INFO  HttpMethodDirector:817 - Redirect requested but followRedirects is disabled
2016-11-27 20:42:38 INFO  WeiboOption:146 -  发布微博成功,重定向url:http://weibo.cn/pub?rand=679320
2016-11-27 20:42:38 INFO  WeiboOption:99 - Sleep Time:76606
2016-11-27 20:43:55 WARN  HttpMethodBase:1511 - Cookie rejected: "$Version=0; WEIBOCN_FROM=deleted; $Path=/; $Domain=.weibo.cn". Illegal domain attribute ".weibo.cn". Domain of origin: "weibo.cn"
2016-11-27 20:43:55 INFO  HttpMethodDirector:817 - Redirect requested but followRedirects is disabled
2016-11-27 20:43:55 INFO  WeiboOption:146 -  发布微博成功,重定向url:http://weibo.cn/pub?rand=629977
2016-11-27 20:43:55 INFO  WeiboOption:99 - Sleep Time:46384
2016-11-27 20:44:42 WARN  HttpMethodBase:1511 - Cookie rejected: "$Version=0; WEIBOCN_FROM=deleted; $Path=/; $Domain=.weibo.cn". Illegal domain attribute ".weibo.cn". Domain of origin: "weibo.cn"
2016-11-27 20:44:42 INFO  HttpMethodDirector:817 - Redirect requested but followRedirects is disabled
2016-11-27 20:44:42 INFO  WeiboOption:146 -  发布微博成功,重定向url:http://weibo.cn/?rand=870037
2016-11-27 20:44:42 INFO  WeiboOption:99 - Sleep Time:94743
2016-11-27 20:46:17 WARN  HttpMethodBase:1511 - Cookie rejected: "$Version=0; WEIBOCN_FROM=deleted; $Path=/; $Domain=.weibo.cn". Illegal domain attribute ".weibo.cn". Domain of origin: "weibo.cn"
2016-11-27 20:46:17 INFO  HttpMethodDirector:817 - Redirect requested but followRedirects is disabled
2016-11-27 20:46:17 INFO  WeiboOption:146 -  发布微博成功,重定向url:http://weibo.cn/?rand=174777
2016-11-27 20:46:17 INFO  WeiboOption:99 - Sleep Time:86269
2016-11-27 20:47:44 WARN  HttpMethodBase:1511 - Cookie rejected: "$Version=0; WEIBOCN_FROM=deleted; $Path=/; $Domain=.weibo.cn". Illegal domain attribute ".weibo.cn". Domain of origin: "weibo.cn"
2016-11-27 20:47:44 INFO  HttpMethodDirector:817 - Redirect requested but followRedirects is disabled
2016-11-27 20:47:44 INFO  WeiboOption:146 -  发布微博成功,重定向url:http://weibo.cn/pub?rand=363400
2016-11-27 20:47:44 INFO  WeiboOption:99 - Sleep Time:62828
2016-11-27 20:48:48 WARN  HttpMethodBase:1511 - Cookie rejected: "$Version=0; WEIBOCN_FROM=deleted; $Path=/; $Domain=.weibo.cn". Illegal domain attribute ".weibo.cn". Domain of origin: "weibo.cn"
2016-11-27 20:48:48 INFO  HttpMethodDirector:817 - Redirect requested but followRedirects is disabled
2016-11-27 20:48:48 INFO  WeiboOption:146 -  发布微博成功,重定向url:http://weibo.cn/?rand=166160
2016-11-27 20:48:48 INFO  WeiboOption:99 - Sleep Time:103589
2016-11-27 20:50:33 WARN  HttpMethodBase:1511 - Cookie rejected: "$Version=0; WEIBOCN_FROM=deleted; $Path=/; $Domain=.weibo.cn". Illegal domain attribute ".weibo.cn". Domain of origin: "weibo.cn"
2016-11-27 20:50:33 INFO  HttpMethodDirector:817 - Redirect requested but followRedirects is disabled
2016-11-27 20:50:33 INFO  WeiboOption:146 -  发布微博成功,重定向url:http://weibo.cn/pub?rand=941511
2016-11-27 20:50:33 INFO  WeiboOption:99 - Sleep Time:23109
2016-11-27 20:50:57 WARN  HttpMethodBase:1511 - Cookie rejected: "$Version=0; WEIBOCN_FROM=deleted; $Path=/; $Domain=.weibo.cn". Illegal domain attribute ".weibo.cn". Domain of origin: "weibo.cn"
2016-11-27 20:50:57 INFO  HttpMethodDirector:817 - Redirect requested but followRedirects is disabled
2016-11-27 20:50:57 INFO  WeiboOption:146 -  发布微博成功,重定向url:http://weibo.cn/?rand=483369
2016-11-27 20:50:57 INFO  WeiboOption:99 - Sleep Time:44754
2016-11-27 20:51:42 WARN  HttpMethodBase:1511 - Cookie rejected: "$Version=0; WEIBOCN_FROM=deleted; $Path=/; $Domain=.weibo.cn". Illegal domain attribute ".weibo.cn". Domain of origin: "weibo.cn"
2016-11-27 20:51:42 INFO  HttpMethodDirector:817 - Redirect requested but followRedirects is disabled
2016-11-27 20:51:42 INFO  WeiboOption:146 -  发布微博成功,重定向url:http://weibo.cn/pub?rand=959998
2016-11-27 20:51:42 INFO  WeiboOption:99 - Sleep Time:66793
2016-11-27 20:52:50 WARN  HttpMethodBase:1511 - Cookie rejected: "$Version=0; WEIBOCN_FROM=deleted; $Path=/; $Domain=.weibo.cn". Illegal domain attribute ".weibo.cn". Domain of origin: "weibo.cn"
2016-11-27 20:52:50 INFO  HttpMethodDirector:817 - Redirect requested but followRedirects is disabled
2016-11-27 20:52:50 INFO  WeiboOption:146 -  发布微博成功,重定向url:http://weibo.cn/?rand=103136
2016-11-27 20:52:50 INFO  WeiboOption:99 - Sleep Time:84682
2016-11-27 20:54:15 WARN  HttpMethodBase:1511 - Cookie rejected: "$Version=0; WEIBOCN_FROM=deleted; $Path=/; $Domain=.weibo.cn". Illegal domain attribute ".weibo.cn". Domain of origin: "weibo.cn"
2016-11-27 20:54:15 INFO  HttpMethodDirector:817 - Redirect requested but followRedirects is disabled
2016-11-27 20:54:15 INFO  WeiboOption:146 -  发布微博成功,重定向url:http://weibo.cn/pub?rand=523757
2016-11-27 20:54:15 INFO  WeiboOption:99 - Sleep Time:109136
2016-11-27 20:56:05 WARN  HttpMethodBase:1511 - Cookie rejected: "$Version=0; WEIBOCN_FROM=deleted; $Path=/; $Domain=.weibo.cn". Illegal domain attribute ".weibo.cn". Domain of origin: "weibo.cn"
2016-11-27 20:56:05 INFO  HttpMethodDirector:817 - Redirect requested but followRedirects is disabled
2016-11-27 20:56:05 INFO  WeiboOption:146 -  发布微博成功,重定向url:http://weibo.cn/?rand=728552
2016-11-27 20:56:05 INFO  WeiboOption:99 - Sleep Time:70151
2016-11-27 20:57:15 WARN  HttpMethodBase:1511 - Cookie rejected: "$Version=0; WEIBOCN_FROM=deleted; $Path=/; $Domain=.weibo.cn". Illegal domain attribute ".weibo.cn". Domain of origin: "weibo.cn"
2016-11-27 20:57:15 INFO  HttpMethodDirector:817 - Redirect requested but followRedirects is disabled
2016-11-27 20:57:15 INFO  WeiboOption:146 -  发布微博成功,重定向url:http://weibo.cn/pub?rand=448468
2016-11-27 20:57:15 INFO  WeiboOption:99 - Sleep Time:14984
2016-11-27 20:57:30 WARN  HttpMethodBase:1511 - Cookie rejected: "$Version=0; WEIBOCN_FROM=deleted; $Path=/; $Domain=.weibo.cn". Illegal domain attribute ".weibo.cn". Domain of origin: "weibo.cn"
2016-11-27 20:57:30 INFO  HttpMethodDirector:817 - Redirect requested but followRedirects is disabled
2016-11-27 20:57:30 INFO  WeiboOption:146 -  发布微博成功,重定向url:http://weibo.cn/pub?rand=755355
2016-11-27 20:57:30 INFO  WeiboOption:99 - Sleep Time:48444
2016-11-27 20:58:19 WARN  HttpMethodBase:1511 - Cookie rejected: "$Version=0; WEIBOCN_FROM=deleted; $Path=/; $Domain=.weibo.cn". Illegal domain attribute ".weibo.cn". Domain of origin: "weibo.cn"
2016-11-27 20:58:19 INFO  HttpMethodDirector:817 - Redirect requested but followRedirects is disabled
2016-11-27 20:58:19 INFO  WeiboOption:146 -  发布微博成功,重定向url:http://weibo.cn/?rand=521104
2016-11-27 20:58:19 INFO  WeiboOption:99 - Sleep Time:54342
2016-11-27 20:59:14 WARN  HttpMethodBase:1511 - Cookie rejected: "$Version=0; WEIBOCN_FROM=deleted; $Path=/; $Domain=.weibo.cn". Illegal domain attribute ".weibo.cn". Domain of origin: "weibo.cn"
2016-11-27 20:59:14 INFO  HttpMethodDirector:817 - Redirect requested but followRedirects is disabled
2016-11-27 20:59:14 INFO  WeiboOption:146 -  发布微博成功,重定向url:http://weibo.cn/?rand=586736
2016-11-27 20:59:14 INFO  WeiboOption:99 - Sleep Time:15339
2016-11-27 20:59:30 WARN  HttpMethodBase:1511 - Cookie rejected: "$Version=0; WEIBOCN_FROM=deleted; $Path=/; $Domain=.weibo.cn". Illegal domain attribute ".weibo.cn". Domain of origin: "weibo.cn"
2016-11-27 20:59:30 INFO  HttpMethodDirector:817 - Redirect requested but followRedirects is disabled
2016-11-27 20:59:30 INFO  WeiboOption:146 -  发布微博成功,重定向url:http://weibo.cn/?rand=247579
2016-11-27 20:59:30 INFO  WeiboOption:99 - Sleep Time:78517
2016-11-27 21:00:49 WARN  HttpMethodBase:1511 - Cookie rejected: "$Version=0; WEIBOCN_FROM=deleted; $Path=/; $Domain=.weibo.cn". Illegal domain attribute ".weibo.cn". Domain of origin: "weibo.cn"
2016-11-27 21:00:49 INFO  HttpMethodDirector:817 - Redirect requested but followRedirects is disabled
2016-11-27 21:00:49 INFO  WeiboOption:146 -  发布微博成功,重定向url:http://weibo.cn/?rand=844095
2016-11-27 21:00:49 INFO  WeiboOption:99 - Sleep Time:94507
2016-11-27 21:02:25 WARN  HttpMethodBase:1511 - Cookie rejected: "$Version=0; WEIBOCN_FROM=deleted; $Path=/; $Domain=.weibo.cn". Illegal domain attribute ".weibo.cn". Domain of origin: "weibo.cn"
2016-11-27 21:02:25 INFO  HttpMethodDirector:817 - Redirect requested but followRedirects is disabled
2016-11-27 21:02:25 INFO  WeiboOption:146 -  发布微博成功,重定向url:http://weibo.cn/pub?rand=234311
2016-11-27 21:02:25 INFO  WeiboOption:99 - Sleep Time:83338
2016-11-27 21:03:48 WARN  HttpMethodBase:1511 - Cookie rejected: "$Version=0; WEIBOCN_FROM=deleted; $Path=/; $Domain=.weibo.cn". Illegal domain attribute ".weibo.cn". Domain of origin: "weibo.cn"
2016-11-27 21:03:48 INFO  HttpMethodDirector:817 - Redirect requested but followRedirects is disabled
2016-11-27 21:03:48 INFO  WeiboOption:146 -  发布微博成功,重定向url:http://weibo.cn/pub?rand=122347
2016-11-27 21:03:48 INFO  WeiboOption:99 - Sleep Time:85653
2016-11-27 21:05:15 WARN  HttpMethodBase:1511 - Cookie rejected: "$Version=0; WEIBOCN_FROM=deleted; $Path=/; $Domain=.weibo.cn". Illegal domain attribute ".weibo.cn". Domain of origin: "weibo.cn"
2016-11-27 21:05:15 INFO  HttpMethodDirector:817 - Redirect requested but followRedirects is disabled
2016-11-27 21:05:15 INFO  WeiboOption:146 -  发布微博成功,重定向url:http://weibo.cn/?rand=177966
2016-11-27 21:05:15 INFO  WeiboOption:99 - Sleep Time:46398
2016-11-27 21:06:02 WARN  HttpMethodBase:1511 - Cookie rejected: "$Version=0; WEIBOCN_FROM=deleted; $Path=/; $Domain=.weibo.cn". Illegal domain attribute ".weibo.cn". Domain of origin: "weibo.cn"
2016-11-27 21:06:02 INFO  HttpMethodDirector:817 - Redirect requested but followRedirects is disabled
2016-11-27 21:06:02 INFO  WeiboOption:146 -  发布微博成功,重定向url:http://weibo.cn/?rand=748905
2016-11-27 21:06:02 INFO  WeiboOption:99 - Sleep Time:94128
2016-11-27 21:07:37 WARN  HttpMethodBase:1511 - Cookie rejected: "$Version=0; WEIBOCN_FROM=deleted; $Path=/; $Domain=.weibo.cn". Illegal domain attribute ".weibo.cn". Domain of origin: "weibo.cn"
2016-11-27 21:07:37 INFO  HttpMethodDirector:817 - Redirect requested but followRedirects is disabled
2016-11-27 21:07:37 INFO  WeiboOption:146 -  发布微博成功,重定向url:http://weibo.cn/pub?rand=334949
2016-11-27 21:07:37 INFO  WeiboOption:99 - Sleep Time:56897
2016-11-27 21:08:34 WARN  HttpMethodBase:1511 - Cookie rejected: "$Version=0; WEIBOCN_FROM=deleted; $Path=/; $Domain=.weibo.cn". Illegal domain attribute ".weibo.cn". Domain of origin: "weibo.cn"
2016-11-27 21:08:34 INFO  HttpMethodDirector:817 - Redirect requested but followRedirects is disabled
2016-11-27 21:08:34 INFO  WeiboOption:146 -  发布微博成功,重定向url:http://weibo.cn/?rand=391671
2016-11-27 21:08:34 INFO  WeiboOption:99 - Sleep Time:44627
2016-11-27 21:09:19 WARN  HttpMethodBase:1511 - Cookie rejected: "$Version=0; WEIBOCN_FROM=deleted; $Path=/; $Domain=.weibo.cn". Illegal domain attribute ".weibo.cn". Domain of origin: "weibo.cn"
2016-11-27 21:09:19 INFO  HttpMethodDirector:817 - Redirect requested but followRedirects is disabled
2016-11-27 21:09:19 INFO  WeiboOption:146 -  发布微博成功,重定向url:http://weibo.cn/?rand=765557
2016-11-27 21:09:19 INFO  WeiboOption:99 - Sleep Time:104701
2016-11-27 21:11:05 WARN  HttpMethodBase:1511 - Cookie rejected: "$Version=0; WEIBOCN_FROM=deleted; $Path=/; $Domain=.weibo.cn". Illegal domain attribute ".weibo.cn". Domain of origin: "weibo.cn"
2016-11-27 21:11:05 INFO  HttpMethodDirector:817 - Redirect requested but followRedirects is disabled
2016-11-27 21:11:05 INFO  WeiboOption:146 -  发布微博成功,重定向url:http://weibo.cn/?rand=305817
2016-11-27 21:11:05 INFO  WeiboOption:99 - Sleep Time:11893
2016-11-27 21:11:17 WARN  HttpMethodBase:1511 - Cookie rejected: "$Version=0; WEIBOCN_FROM=deleted; $Path=/; $Domain=.weibo.cn". Illegal domain attribute ".weibo.cn". Domain of origin: "weibo.cn"
2016-11-27 21:11:17 INFO  HttpMethodDirector:817 - Redirect requested but followRedirects is disabled
2016-11-27 21:11:17 INFO  WeiboOption:146 -  发布微博成功,重定向url:http://weibo.cn/pub?rand=924289
2016-11-27 21:11:17 INFO  WeiboOption:99 - Sleep Time:95979
2016-11-27 21:12:53 WARN  HttpMethodBase:1511 - Cookie rejected: "$Version=0; WEIBOCN_FROM=deleted; $Path=/; $Domain=.weibo.cn". Illegal domain attribute ".weibo.cn". Domain of origin: "weibo.cn"
2016-11-27 21:12:53 INFO  HttpMethodDirector:817 - Redirect requested but followRedirects is disabled
2016-11-27 21:12:53 INFO  WeiboOption:146 -  发布微博成功,重定向url:http://weibo.cn/pub?rand=976653
2016-11-27 21:12:53 INFO  WeiboOption:99 - Sleep Time:92777
2016-11-27 21:14:28 WARN  HttpMethodBase:1511 - Cookie rejected: "$Version=0; WEIBOCN_FROM=deleted; $Path=/; $Domain=.weibo.cn". Illegal domain attribute ".weibo.cn". Domain of origin: "weibo.cn"
2016-11-27 21:14:28 INFO  HttpMethodDirector:817 - Redirect requested but followRedirects is disabled
2016-11-27 21:14:28 INFO  WeiboOption:146 -  发布微博成功,重定向url:http://weibo.cn/?rand=500746
2016-11-27 21:14:28 INFO  WeiboOption:99 - Sleep Time:31714
2016-11-27 21:15:01 WARN  HttpMethodBase:1511 - Cookie rejected: "$Version=0; WEIBOCN_FROM=deleted; $Path=/; $Domain=.weibo.cn". Illegal domain attribute ".weibo.cn". Domain of origin: "weibo.cn"
2016-11-27 21:15:01 INFO  HttpMethodDirector:817 - Redirect requested but followRedirects is disabled
2016-11-27 21:15:01 INFO  WeiboOption:146 -  发布微博成功,重定向url:http://weibo.cn/pub?rand=257604
2016-11-27 21:15:01 INFO  WeiboOption:99 - Sleep Time:91198
2016-11-27 21:16:33 WARN  HttpMethodBase:1511 - Cookie rejected: "$Version=0; WEIBOCN_FROM=deleted; $Path=/; $Domain=.weibo.cn". Illegal domain attribute ".weibo.cn". Domain of origin: "weibo.cn"
2016-11-27 21:16:33 INFO  HttpMethodDirector:817 - Redirect requested but followRedirects is disabled
2016-11-27 21:16:33 INFO  WeiboOption:146 -  发布微博成功,重定向url:http://weibo.cn/pub?rand=243873
2016-11-27 21:16:33 INFO  WeiboOption:99 - Sleep Time:43330
2016-11-27 21:17:17 WARN  HttpMethodBase:1511 - Cookie rejected: "$Version=0; WEIBOCN_FROM=deleted; $Path=/; $Domain=.weibo.cn". Illegal domain attribute ".weibo.cn". Domain of origin: "weibo.cn"
2016-11-27 21:17:17 INFO  HttpMethodDirector:817 - Redirect requested but followRedirects is disabled
2016-11-27 21:17:17 INFO  WeiboOption:146 -  发布微博成功,重定向url:http://weibo.cn/pub?rand=398139
2016-11-27 21:17:17 INFO  WeiboOption:99 - Sleep Time:12185
2016-11-27 21:17:29 WARN  HttpMethodBase:1511 - Cookie rejected: "$Version=0; WEIBOCN_FROM=deleted; $Path=/; $Domain=.weibo.cn". Illegal domain attribute ".weibo.cn". Domain of origin: "weibo.cn"
2016-11-27 21:17:29 INFO  HttpMethodDirector:817 - Redirect requested but followRedirects is disabled
2016-11-27 21:17:29 INFO  WeiboOption:146 -  发布微博成功,重定向url:http://weibo.cn/?rand=941843
2016-11-27 21:17:29 INFO  WeiboOption:99 - Sleep Time:54969
2016-11-27 21:18:25 WARN  HttpMethodBase:1511 - Cookie rejected: "$Version=0; WEIBOCN_FROM=deleted; $Path=/; $Domain=.weibo.cn". Illegal domain attribute ".weibo.cn". Domain of origin: "weibo.cn"
2016-11-27 21:18:25 INFO  HttpMethodDirector:817 - Redirect requested but followRedirects is disabled
2016-11-27 21:18:25 INFO  WeiboOption:146 -  发布微博成功,重定向url:http://weibo.cn/?rand=620024
2016-11-27 21:18:25 INFO  WeiboOption:99 - Sleep Time:50068
2016-11-27 21:19:16 WARN  HttpMethodBase:1511 - Cookie rejected: "$Version=0; WEIBOCN_FROM=deleted; $Path=/; $Domain=.weibo.cn". Illegal domain attribute ".weibo.cn". Domain of origin: "weibo.cn"
2016-11-27 21:19:16 INFO  HttpMethodDirector:817 - Redirect requested but followRedirects is disabled
2016-11-27 21:19:16 INFO  WeiboOption:146 -  发布微博成功,重定向url:http://weibo.cn/?rand=426164
2016-11-27 21:19:16 INFO  WeiboOption:99 - Sleep Time:51126
2016-11-27 21:20:07 WARN  HttpMethodBase:1511 - Cookie rejected: "$Version=0; WEIBOCN_FROM=deleted; $Path=/; $Domain=.weibo.cn". Illegal domain attribute ".weibo.cn". Domain of origin: "weibo.cn"
2016-11-27 21:20:07 INFO  HttpMethodDirector:817 - Redirect requested but followRedirects is disabled
2016-11-27 21:20:07 INFO  WeiboOption:146 -  发布微博成功,重定向url:http://weibo.cn/pub?rand=141481
2016-11-27 21:20:07 INFO  WeiboOption:99 - Sleep Time:37932
2016-11-27 21:20:46 WARN  HttpMethodBase:1511 - Cookie rejected: "$Version=0; WEIBOCN_FROM=deleted; $Path=/; $Domain=.weibo.cn". Illegal domain attribute ".weibo.cn". Domain of origin: "weibo.cn"
2016-11-27 21:20:46 INFO  HttpMethodDirector:817 - Redirect requested but followRedirects is disabled
2016-11-27 21:20:46 INFO  WeiboOption:146 -  发布微博成功,重定向url:http://weibo.cn/?rand=685355
2016-11-27 21:20:46 INFO  WeiboOption:99 - Sleep Time:23663
2016-11-27 21:21:10 WARN  HttpMethodBase:1511 - Cookie rejected: "$Version=0; WEIBOCN_FROM=deleted; $Path=/; $Domain=.weibo.cn". Illegal domain attribute ".weibo.cn". Domain of origin: "weibo.cn"
2016-11-27 21:21:10 WARN  HttpMethodBase:1511 - Cookie rejected: "$Version=0; M_WEIBOCN_PARAMS=luicode%3D20000174; $Path=/; $Domain=.weibo.cn". Illegal domain attribute ".weibo.cn". Domain of origin: "weibo.cn"
2016-11-27 21:21:10 INFO  WeiboOption:99 - Sleep Time:13008
2016-11-27 21:21:24 WARN  HttpMethodBase:1511 - Cookie rejected: "$Version=0; WEIBOCN_FROM=deleted; $Path=/; $Domain=.weibo.cn". Illegal domain attribute ".weibo.cn". Domain of origin: "weibo.cn"
2016-11-27 21:21:24 WARN  HttpMethodBase:1511 - Cookie rejected: "$Version=0; M_WEIBOCN_PARAMS=luicode%3D20000174; $Path=/; $Domain=.weibo.cn". Illegal domain attribute ".weibo.cn". Domain of origin: "weibo.cn"
2016-11-27 21:21:24 INFO  WeiboOption:99 - Sleep Time:28223
2016-11-27 21:21:53 WARN  HttpMethodBase:1511 - Cookie rejected: "$Version=0; WEIBOCN_FROM=deleted; $Path=/; $Domain=.weibo.cn". Illegal domain attribute ".weibo.cn". Domain of origin: "weibo.cn"
2016-11-27 21:21:53 WARN  HttpMethodBase:1511 - Cookie rejected: "$Version=0; M_WEIBOCN_PARAMS=luicode%3D20000174; $Path=/; $Domain=.weibo.cn". Illegal domain attribute ".weibo.cn". Domain of origin: "weibo.cn"
2016-11-27 21:21:53 INFO  WeiboOption:99 - Sleep Time:27657
2016-11-27 21:22:21 WARN  HttpMethodBase:1511 - Cookie rejected: "$Version=0; WEIBOCN_FROM=deleted; $Path=/; $Domain=.weibo.cn". Illegal domain attribute ".weibo.cn". Domain of origin: "weibo.cn"
2016-11-27 21:22:21 INFO  HttpMethodDirector:817 - Redirect requested but followRedirects is disabled
2016-11-27 21:22:21 INFO  WeiboOption:146 -  发布微博成功,重定向url:http://weibo.cn/?rand=369097
2016-11-27 21:22:21 INFO  WeiboOption:99 - Sleep Time:89827
2016-11-27 21:23:51 WARN  HttpMethodBase:1511 - Cookie rejected: "$Version=0; WEIBOCN_FROM=deleted; $Path=/; $Domain=.weibo.cn". Illegal domain attribute ".weibo.cn". Domain of origin: "weibo.cn"
2016-11-27 21:23:51 WARN  HttpMethodBase:1511 - Cookie rejected: "$Version=0; M_WEIBOCN_PARAMS=luicode%3D20000174; $Path=/; $Domain=.weibo.cn". Illegal domain attribute ".weibo.cn". Domain of origin: "weibo.cn"
2016-11-27 21:23:51 INFO  WeiboOption:99 - Sleep Time:50880
2016-11-27 21:24:43 WARN  HttpMethodBase:1511 - Cookie rejected: "$Version=0; WEIBOCN_FROM=deleted; $Path=/; $Domain=.weibo.cn". Illegal domain attribute ".weibo.cn". Domain of origin: "weibo.cn"
2016-11-27 21:24:43 WARN  HttpMethodBase:1511 - Cookie rejected: "$Version=0; M_WEIBOCN_PARAMS=luicode%3D20000174; $Path=/; $Domain=.weibo.cn". Illegal domain attribute ".weibo.cn". Domain of origin: "weibo.cn"
2016-11-27 21:24:43 INFO  WeiboOption:99 - Sleep Time:48632
2016-11-27 21:25:32 WARN  HttpMethodBase:1511 - Cookie rejected: "$Version=0; WEIBOCN_FROM=deleted; $Path=/; $Domain=.weibo.cn". Illegal domain attribute ".weibo.cn". Domain of origin: "weibo.cn"
2016-11-27 21:25:32 WARN  HttpMethodBase:1511 - Cookie rejected: "$Version=0; M_WEIBOCN_PARAMS=luicode%3D20000174; $Path=/; $Domain=.weibo.cn". Illegal domain attribute ".weibo.cn". Domain of origin: "weibo.cn"
2016-11-27 21:25:32 INFO  WeiboOption:99 - Sleep Time:63509
2016-11-27 21:26:36 WARN  HttpMethodBase:1511 - Cookie rejected: "$Version=0; WEIBOCN_FROM=deleted; $Path=/; $Domain=.weibo.cn". Illegal domain attribute ".weibo.cn". Domain of origin: "weibo.cn"
2016-11-27 21:26:36 WARN  HttpMethodBase:1511 - Cookie rejected: "$Version=0; M_WEIBOCN_PARAMS=luicode%3D20000174; $Path=/; $Domain=.weibo.cn". Illegal domain attribute ".weibo.cn". Domain of origin: "weibo.cn"
2016-11-27 21:26:36 INFO  WeiboOption:99 - Sleep Time:28737
2016-11-27 21:27:05 WARN  HttpMethodBase:1511 - Cookie rejected: "$Version=0; WEIBOCN_FROM=deleted; $Path=/; $Domain=.weibo.cn". Illegal domain attribute ".weibo.cn". Domain of origin: "weibo.cn"
2016-11-27 21:27:05 WARN  HttpMethodBase:1511 - Cookie rejected: "$Version=0; M_WEIBOCN_PARAMS=luicode%3D20000174; $Path=/; $Domain=.weibo.cn". Illegal domain attribute ".weibo.cn". Domain of origin: "weibo.cn"
2016-11-27 21:27:05 INFO  WeiboOption:99 - Sleep Time:56122
2016-11-27 21:28:02 WARN  HttpMethodBase:1511 - Cookie rejected: "$Version=0; WEIBOCN_FROM=deleted; $Path=/; $Domain=.weibo.cn". Illegal domain attribute ".weibo.cn". Domain of origin: "weibo.cn"
2016-11-27 21:28:02 WARN  HttpMethodBase:1511 - Cookie rejected: "$Version=0; M_WEIBOCN_PARAMS=luicode%3D20000174; $Path=/; $Domain=.weibo.cn". Illegal domain attribute ".weibo.cn". Domain of origin: "weibo.cn"
2016-11-27 21:28:02 INFO  WeiboOption:99 - Sleep Time:77857
2016-11-27 21:29:20 WARN  HttpMethodBase:1511 - Cookie rejected: "$Version=0; WEIBOCN_FROM=deleted; $Path=/; $Domain=.weibo.cn". Illegal domain attribute ".weibo.cn". Domain of origin: "weibo.cn"
2016-11-27 21:29:20 WARN  HttpMethodBase:1511 - Cookie rejected: "$Version=0; M_WEIBOCN_PARAMS=luicode%3D20000174; $Path=/; $Domain=.weibo.cn". Illegal domain attribute ".weibo.cn". Domain of origin: "weibo.cn"
2016-11-27 21:29:20 INFO  WeiboOption:99 - Sleep Time:20070
2016-11-27 21:29:41 WARN  HttpMethodBase:1511 - Cookie rejected: "$Version=0; WEIBOCN_FROM=deleted; $Path=/; $Domain=.weibo.cn". Illegal domain attribute ".weibo.cn". Domain of origin: "weibo.cn"
2016-11-27 21:29:41 WARN  HttpMethodBase:1511 - Cookie rejected: "$Version=0; M_WEIBOCN_PARAMS=luicode%3D20000174; $Path=/; $Domain=.weibo.cn". Illegal domain attribute ".weibo.cn". Domain of origin: "weibo.cn"
2016-11-27 21:29:41 INFO  WeiboOption:99 - Sleep Time:27374
2016-11-27 21:30:10 WARN  HttpMethodBase:1511 - Cookie rejected: "$Version=0; WEIBOCN_FROM=deleted; $Path=/; $Domain=.weibo.cn". Illegal domain attribute ".weibo.cn". Domain of origin: "weibo.cn"
2016-11-27 21:30:10 WARN  HttpMethodBase:1511 - Cookie rejected: "$Version=0; M_WEIBOCN_PARAMS=luicode%3D20000174; $Path=/; $Domain=.weibo.cn". Illegal domain attribute ".weibo.cn". Domain of origin: "weibo.cn"
2016-11-27 21:30:10 INFO  WeiboOption:99 - Sleep Time:68129
2016-11-27 21:31:18 WARN  HttpMethodBase:1511 - Cookie rejected: "$Version=0; WEIBOCN_FROM=deleted; $Path=/; $Domain=.weibo.cn". Illegal domain attribute ".weibo.cn". Domain of origin: "weibo.cn"
2016-11-27 21:31:18 WARN  HttpMethodBase:1511 - Cookie rejected: "$Version=0; M_WEIBOCN_PARAMS=luicode%3D20000174; $Path=/; $Domain=.weibo.cn". Illegal domain attribute ".weibo.cn". Domain of origin: "weibo.cn"
2016-11-27 21:31:18 INFO  WeiboOption:99 - Sleep Time:100268
2016-11-27 21:32:59 WARN  HttpMethodBase:1511 - Cookie rejected: "$Version=0; WEIBOCN_FROM=deleted; $Path=/; $Domain=.weibo.cn". Illegal domain attribute ".weibo.cn". Domain of origin: "weibo.cn"
2016-11-27 21:32:59 WARN  HttpMethodBase:1511 - Cookie rejected: "$Version=0; M_WEIBOCN_PARAMS=luicode%3D20000174; $Path=/; $Domain=.weibo.cn". Illegal domain attribute ".weibo.cn". Domain of origin: "weibo.cn"
2016-11-27 21:32:59 INFO  WeiboOption:99 - Sleep Time:69099
2016-11-27 21:34:09 WARN  HttpMethodBase:1511 - Cookie rejected: "$Version=0; WEIBOCN_FROM=deleted; $Path=/; $Domain=.weibo.cn". Illegal domain attribute ".weibo.cn". Domain of origin: "weibo.cn"
2016-11-27 21:34:09 WARN  HttpMethodBase:1511 - Cookie rejected: "$Version=0; M_WEIBOCN_PARAMS=luicode%3D20000174; $Path=/; $Domain=.weibo.cn". Illegal domain attribute ".weibo.cn". Domain of origin: "weibo.cn"
2016-11-27 21:34:09 INFO  WeiboOption:99 - Sleep Time:20791
2016-11-27 21:34:31 WARN  HttpMethodBase:1511 - Cookie rejected: "$Version=0; WEIBOCN_FROM=deleted; $Path=/; $Domain=.weibo.cn". Illegal domain attribute ".weibo.cn". Domain of origin: "weibo.cn"
2016-11-27 21:34:31 WARN  HttpMethodBase:1511 - Cookie rejected: "$Version=0; M_WEIBOCN_PARAMS=luicode%3D20000174; $Path=/; $Domain=.weibo.cn". Illegal domain attribute ".weibo.cn". Domain of origin: "weibo.cn"
2016-11-27 21:34:31 INFO  WeiboOption:99 - Sleep Time:11653
2016-11-27 21:34:43 WARN  HttpMethodBase:1511 - Cookie rejected: "$Version=0; WEIBOCN_FROM=deleted; $Path=/; $Domain=.weibo.cn". Illegal domain attribute ".weibo.cn". Domain of origin: "weibo.cn"
2016-11-27 21:34:43 WARN  HttpMethodBase:1511 - Cookie rejected: "$Version=0; M_WEIBOCN_PARAMS=luicode%3D20000174; $Path=/; $Domain=.weibo.cn". Illegal domain attribute ".weibo.cn". Domain of origin: "weibo.cn"
2016-11-27 21:34:43 INFO  WeiboOption:99 - Sleep Time:59296
2016-11-27 21:35:42 WARN  HttpMethodBase:1511 - Cookie rejected: "$Version=0; WEIBOCN_FROM=deleted; $Path=/; $Domain=.weibo.cn". Illegal domain attribute ".weibo.cn". Domain of origin: "weibo.cn"
2016-11-27 21:35:42 WARN  HttpMethodBase:1511 - Cookie rejected: "$Version=0; M_WEIBOCN_PARAMS=luicode%3D20000174; $Path=/; $Domain=.weibo.cn". Illegal domain attribute ".weibo.cn". Domain of origin: "weibo.cn"
2016-11-27 21:35:42 INFO  WeiboOption:99 - Sleep Time:29036
2016-11-27 21:36:12 WARN  HttpMethodBase:1511 - Cookie rejected: "$Version=0; WEIBOCN_FROM=deleted; $Path=/; $Domain=.weibo.cn". Illegal domain attribute ".weibo.cn". Domain of origin: "weibo.cn"
2016-11-27 21:36:12 WARN  HttpMethodBase:1511 - Cookie rejected: "$Version=0; M_WEIBOCN_PARAMS=luicode%3D20000174; $Path=/; $Domain=.weibo.cn". Illegal domain attribute ".weibo.cn". Domain of origin: "weibo.cn"
2016-11-27 21:36:12 INFO  WeiboOption:99 - Sleep Time:90450
2016-11-27 21:37:43 WARN  HttpMethodBase:1511 - Cookie rejected: "$Version=0; WEIBOCN_FROM=deleted; $Path=/; $Domain=.weibo.cn". Illegal domain attribute ".weibo.cn". Domain of origin: "weibo.cn"
2016-11-27 21:37:43 WARN  HttpMethodBase:1511 - Cookie rejected: "$Version=0; M_WEIBOCN_PARAMS=luicode%3D20000174; $Path=/; $Domain=.weibo.cn". Illegal domain attribute ".weibo.cn". Domain of origin: "weibo.cn"
2016-11-27 21:37:43 INFO  WeiboOption:99 - Sleep Time:25232
2016-11-27 21:38:09 WARN  HttpMethodBase:1511 - Cookie rejected: "$Version=0; WEIBOCN_FROM=deleted; $Path=/; $Domain=.weibo.cn". Illegal domain attribute ".weibo.cn". Domain of origin: "weibo.cn"
2016-11-27 21:38:09 WARN  HttpMethodBase:1511 - Cookie rejected: "$Version=0; M_WEIBOCN_PARAMS=luicode%3D20000174; $Path=/; $Domain=.weibo.cn". Illegal domain attribute ".weibo.cn". Domain of origin: "weibo.cn"
2016-11-27 21:38:09 INFO  WeiboOption:99 - Sleep Time:49037
2016-11-27 21:38:59 WARN  HttpMethodBase:1511 - Cookie rejected: "$Version=0; WEIBOCN_FROM=deleted; $Path=/; $Domain=.weibo.cn". Illegal domain attribute ".weibo.cn". Domain of origin: "weibo.cn"
2016-11-27 21:38:59 WARN  HttpMethodBase:1511 - Cookie rejected: "$Version=0; M_WEIBOCN_PARAMS=luicode%3D20000174; $Path=/; $Domain=.weibo.cn". Illegal domain attribute ".weibo.cn". Domain of origin: "weibo.cn"
2016-11-27 21:38:59 INFO  WeiboOption:99 - Sleep Time:42082
2016-11-27 21:39:41 WARN  HttpMethodBase:1511 - Cookie rejected: "$Version=0; WEIBOCN_FROM=deleted; $Path=/; $Domain=.weibo.cn". Illegal domain attribute ".weibo.cn". Domain of origin: "weibo.cn"
2016-11-27 21:39:41 WARN  HttpMethodBase:1511 - Cookie rejected: "$Version=0; M_WEIBOCN_PARAMS=luicode%3D20000174; $Path=/; $Domain=.weibo.cn". Illegal domain attribute ".weibo.cn". Domain of origin: "weibo.cn"
2016-11-27 21:39:41 INFO  WeiboOption:99 - Sleep Time:37717
2016-11-27 21:40:19 WARN  HttpMethodBase:1511 - Cookie rejected: "$Version=0; WEIBOCN_FROM=deleted; $Path=/; $Domain=.weibo.cn". Illegal domain attribute ".weibo.cn". Domain of origin: "weibo.cn"
2016-11-27 21:40:19 WARN  HttpMethodBase:1511 - Cookie rejected: "$Version=0; M_WEIBOCN_PARAMS=luicode%3D20000174; $Path=/; $Domain=.weibo.cn". Illegal domain attribute ".weibo.cn". Domain of origin: "weibo.cn"
2016-11-27 21:40:19 INFO  WeiboOption:99 - Sleep Time:77788
2016-11-27 21:41:38 WARN  HttpMethodBase:1511 - Cookie rejected: "$Version=0; WEIBOCN_FROM=deleted; $Path=/; $Domain=.weibo.cn". Illegal domain attribute ".weibo.cn". Domain of origin: "weibo.cn"
2016-11-27 21:41:38 WARN  HttpMethodBase:1511 - Cookie rejected: "$Version=0; M_WEIBOCN_PARAMS=luicode%3D20000174; $Path=/; $Domain=.weibo.cn". Illegal domain attribute ".weibo.cn". Domain of origin: "weibo.cn"
2016-11-27 21:41:38 INFO  WeiboOption:99 - Sleep Time:50630
2016-11-27 21:42:31 WARN  HttpMethodBase:1511 - Cookie rejected: "$Version=0; WEIBOCN_FROM=deleted; $Path=/; $Domain=.weibo.cn". Illegal domain attribute ".weibo.cn". Domain of origin: "weibo.cn"
2016-11-27 21:42:31 WARN  HttpMethodBase:1511 - Cookie rejected: "$Version=0; M_WEIBOCN_PARAMS=luicode%3D20000174; $Path=/; $Domain=.weibo.cn". Illegal domain attribute ".weibo.cn". Domain of origin: "weibo.cn"
2016-11-27 21:42:31 INFO  WeiboOption:99 - Sleep Time:62325
2016-11-27 21:43:33 WARN  HttpMethodBase:1511 - Cookie rejected: "$Version=0; WEIBOCN_FROM=deleted; $Path=/; $Domain=.weibo.cn". Illegal domain attribute ".weibo.cn". Domain of origin: "weibo.cn"
2016-11-27 21:43:33 WARN  HttpMethodBase:1511 - Cookie rejected: "$Version=0; M_WEIBOCN_PARAMS=luicode%3D20000174; $Path=/; $Domain=.weibo.cn". Illegal domain attribute ".weibo.cn". Domain of origin: "weibo.cn"
2016-11-27 21:43:33 INFO  WeiboOption:99 - Sleep Time:78432
2016-11-27 21:44:52 WARN  HttpMethodBase:1511 - Cookie rejected: "$Version=0; WEIBOCN_FROM=deleted; $Path=/; $Domain=.weibo.cn". Illegal domain attribute ".weibo.cn". Domain of origin: "weibo.cn"
2016-11-27 21:44:52 WARN  HttpMethodBase:1511 - Cookie rejected: "$Version=0; M_WEIBOCN_PARAMS=luicode%3D20000174; $Path=/; $Domain=.weibo.cn". Illegal domain attribute ".weibo.cn". Domain of origin: "weibo.cn"
2016-11-27 21:44:52 INFO  WeiboOption:99 - Sleep Time:25750
2016-11-27 21:45:19 WARN  HttpMethodBase:1511 - Cookie rejected: "$Version=0; WEIBOCN_FROM=deleted; $Path=/; $Domain=.weibo.cn". Illegal domain attribute ".weibo.cn". Domain of origin: "weibo.cn"
2016-11-27 21:45:19 WARN  HttpMethodBase:1511 - Cookie rejected: "$Version=0; M_WEIBOCN_PARAMS=luicode%3D20000174; $Path=/; $Domain=.weibo.cn". Illegal domain attribute ".weibo.cn". Domain of origin: "weibo.cn"
2016-11-27 21:45:19 INFO  WeiboOption:99 - Sleep Time:75700
2016-11-27 21:46:36 WARN  HttpMethodBase:1511 - Cookie rejected: "$Version=0; WEIBOCN_FROM=deleted; $Path=/; $Domain=.weibo.cn". Illegal domain attribute ".weibo.cn". Domain of origin: "weibo.cn"
2016-11-27 21:46:36 WARN  HttpMethodBase:1511 - Cookie rejected: "$Version=0; M_WEIBOCN_PARAMS=luicode%3D20000174; $Path=/; $Domain=.weibo.cn". Illegal domain attribute ".weibo.cn". Domain of origin: "weibo.cn"
2016-11-27 21:46:36 INFO  WeiboOption:99 - Sleep Time:24953
2016-11-27 21:47:02 WARN  HttpMethodBase:1511 - Cookie rejected: "$Version=0; WEIBOCN_FROM=deleted; $Path=/; $Domain=.weibo.cn". Illegal domain attribute ".weibo.cn". Domain of origin: "weibo.cn"
2016-11-27 21:47:02 INFO  HttpMethodDirector:817 - Redirect requested but followRedirects is disabled
2016-11-27 21:47:02 INFO  WeiboOption:146 -  发布微博成功,重定向url:http://weibo.cn/?rand=337372
2016-11-27 21:47:02 INFO  WeiboOption:99 - Sleep Time:40794
2016-11-27 21:47:43 WARN  HttpMethodBase:1511 - Cookie rejected: "$Version=0; WEIBOCN_FROM=deleted; $Path=/; $Domain=.weibo.cn". Illegal domain attribute ".weibo.cn". Domain of origin: "weibo.cn"
2016-11-27 21:47:43 WARN  HttpMethodBase:1511 - Cookie rejected: "$Version=0; M_WEIBOCN_PARAMS=luicode%3D20000174; $Path=/; $Domain=.weibo.cn". Illegal domain attribute ".weibo.cn". Domain of origin: "weibo.cn"
2016-11-27 21:47:43 INFO  WeiboOption:99 - Sleep Time:99882
2016-11-27 21:49:24 WARN  HttpMethodBase:1511 - Cookie rejected: "$Version=0; WEIBOCN_FROM=deleted; $Path=/; $Domain=.weibo.cn". Illegal domain attribute ".weibo.cn". Domain of origin: "weibo.cn"
2016-11-27 21:49:24 WARN  HttpMethodBase:1511 - Cookie rejected: "$Version=0; M_WEIBOCN_PARAMS=luicode%3D20000174; $Path=/; $Domain=.weibo.cn". Illegal domain attribute ".weibo.cn". Domain of origin: "weibo.cn"
2016-11-27 21:49:24 INFO  WeiboOption:99 - Sleep Time:51473
2016-11-27 21:50:16 WARN  HttpMethodBase:1511 - Cookie rejected: "$Version=0; WEIBOCN_FROM=deleted; $Path=/; $Domain=.weibo.cn". Illegal domain attribute ".weibo.cn". Domain of origin: "weibo.cn"
2016-11-27 21:50:16 WARN  HttpMethodBase:1511 - Cookie rejected: "$Version=0; M_WEIBOCN_PARAMS=luicode%3D20000174; $Path=/; $Domain=.weibo.cn". Illegal domain attribute ".weibo.cn". Domain of origin: "weibo.cn"
2016-11-27 21:50:16 INFO  WeiboOption:99 - Sleep Time:88657
2016-11-27 21:51:45 WARN  HttpMethodBase:1511 - Cookie rejected: "$Version=0; WEIBOCN_FROM=deleted; $Path=/; $Domain=.weibo.cn". Illegal domain attribute ".weibo.cn". Domain of origin: "weibo.cn"
2016-11-27 21:51:45 WARN  HttpMethodBase:1511 - Cookie rejected: "$Version=0; M_WEIBOCN_PARAMS=luicode%3D20000174; $Path=/; $Domain=.weibo.cn". Illegal domain attribute ".weibo.cn". Domain of origin: "weibo.cn"
2016-11-27 21:51:45 INFO  WeiboOption:99 - Sleep Time:48571
2016-11-27 21:52:35 WARN  HttpMethodBase:1511 - Cookie rejected: "$Version=0; WEIBOCN_FROM=deleted; $Path=/; $Domain=.weibo.cn". Illegal domain attribute ".weibo.cn". Domain of origin: "weibo.cn"
2016-11-27 21:52:35 INFO  HttpMethodDirector:817 - Redirect requested but followRedirects is disabled
2016-11-27 21:52:35 INFO  WeiboOption:146 -  发布微博成功,重定向url:http://weibo.cn/?rand=338304
2016-11-27 21:52:35 INFO  WeiboOption:99 - Sleep Time:47332
2016-11-27 21:53:23 WARN  HttpMethodBase:1511 - Cookie rejected: "$Version=0; WEIBOCN_FROM=deleted; $Path=/; $Domain=.weibo.cn". Illegal domain attribute ".weibo.cn". Domain of origin: "weibo.cn"
2016-11-27 21:53:23 WARN  HttpMethodBase:1511 - Cookie rejected: "$Version=0; M_WEIBOCN_PARAMS=luicode%3D20000174; $Path=/; $Domain=.weibo.cn". Illegal domain attribute ".weibo.cn". Domain of origin: "weibo.cn"
2016-11-27 21:53:23 INFO  WeiboOption:99 - Sleep Time:29639
2016-11-27 21:53:54 WARN  HttpMethodBase:1511 - Cookie rejected: "$Version=0; WEIBOCN_FROM=deleted; $Path=/; $Domain=.weibo.cn". Illegal domain attribute ".weibo.cn". Domain of origin: "weibo.cn"
2016-11-27 21:53:54 WARN  HttpMethodBase:1511 - Cookie rejected: "$Version=0; M_WEIBOCN_PARAMS=luicode%3D20000174; $Path=/; $Domain=.weibo.cn". Illegal domain attribute ".weibo.cn". Domain of origin: "weibo.cn"
2016-11-27 21:53:54 INFO  WeiboOption:99 - Sleep Time:60460
2016-11-27 21:54:55 WARN  HttpMethodBase:1511 - Cookie rejected: "$Version=0; WEIBOCN_FROM=deleted; $Path=/; $Domain=.weibo.cn". Illegal domain attribute ".weibo.cn". Domain of origin: "weibo.cn"
2016-11-27 21:54:55 WARN  HttpMethodBase:1511 - Cookie rejected: "$Version=0; M_WEIBOCN_PARAMS=luicode%3D20000174; $Path=/; $Domain=.weibo.cn". Illegal domain attribute ".weibo.cn". Domain of origin: "weibo.cn"
2016-11-27 21:54:55 INFO  WeiboOption:99 - Sleep Time:77752
2016-11-27 21:56:13 WARN  HttpMethodBase:1511 - Cookie rejected: "$Version=0; WEIBOCN_FROM=deleted; $Path=/; $Domain=.weibo.cn". Illegal domain attribute ".weibo.cn". Domain of origin: "weibo.cn"
2016-11-27 21:56:13 WARN  HttpMethodBase:1511 - Cookie rejected: "$Version=0; M_WEIBOCN_PARAMS=luicode%3D20000174; $Path=/; $Domain=.weibo.cn". Illegal domain attribute ".weibo.cn". Domain of origin: "weibo.cn"
2016-11-27 21:56:13 INFO  WeiboOption:99 - Sleep Time:100181
2016-11-27 21:57:54 WARN  HttpMethodBase:1511 - Cookie rejected: "$Version=0; WEIBOCN_FROM=deleted; $Path=/; $Domain=.weibo.cn". Illegal domain attribute ".weibo.cn". Domain of origin: "weibo.cn"
2016-11-27 21:57:54 WARN  HttpMethodBase:1511 - Cookie rejected: "$Version=0; M_WEIBOCN_PARAMS=luicode%3D20000174; $Path=/; $Domain=.weibo.cn". Illegal domain attribute ".weibo.cn". Domain of origin: "weibo.cn"
2016-11-27 21:57:54 INFO  WeiboOption:99 - Sleep Time:91654
2016-11-27 21:59:26 WARN  HttpMethodBase:1511 - Cookie rejected: "$Version=0; WEIBOCN_FROM=deleted; $Path=/; $Domain=.weibo.cn". Illegal domain attribute ".weibo.cn". Domain of origin: "weibo.cn"
2016-11-27 21:59:26 WARN  HttpMethodBase:1511 - Cookie rejected: "$Version=0; M_WEIBOCN_PARAMS=luicode%3D20000174; $Path=/; $Domain=.weibo.cn". Illegal domain attribute ".weibo.cn". Domain of origin: "weibo.cn"
2016-11-27 21:59:26 INFO  WeiboOption:99 - Sleep Time:49548
